[2023-03-21T10:58:38.898+0000] {taskinstance.py:1084} INFO - Dependencies all met for dep_context=non-requeueable deps ti=<TaskInstance: project_masterdag.spark_processing manual__2023-03-21T10:53:30.802707+00:00 [queued]>
[2023-03-21T10:58:38.911+0000] {taskinstance.py:1084} INFO - Dependencies all met for dep_context=requeueable deps ti=<TaskInstance: project_masterdag.spark_processing manual__2023-03-21T10:53:30.802707+00:00 [queued]>
[2023-03-21T10:58:38.911+0000] {taskinstance.py:1282} INFO - 
--------------------------------------------------------------------------------
[2023-03-21T10:58:38.912+0000] {taskinstance.py:1283} INFO - Starting attempt 2 of 2
[2023-03-21T10:58:38.912+0000] {taskinstance.py:1284} INFO - 
--------------------------------------------------------------------------------
[2023-03-21T10:58:38.933+0000] {taskinstance.py:1303} INFO - Executing <Task(DataprocSubmitJobOperator): spark_processing> on 2023-03-21 10:53:30.802707+00:00
[2023-03-21T10:58:38.944+0000] {standard_task_runner.py:55} INFO - Started process 31042 to run task
[2023-03-21T10:58:38.951+0000] {standard_task_runner.py:82} INFO - Running: ['***', 'tasks', 'run', 'project_masterdag', 'spark_processing', 'manual__2023-03-21T10:53:30.802707+00:00', '--job-id', '299', '--raw', '--subdir', 'DAGS_FOLDER/project_master_dags.py', '--cfg-path', '/tmp/tmpwu14smkg']
[2023-03-21T10:58:38.955+0000] {standard_task_runner.py:83} INFO - Job 299: Subtask spark_processing
[2023-03-21T10:58:38.975+0000] {warnings.py:110} WARNING - /home/***/.local/lib/python3.7/site-packages/***/settings.py:250: DeprecationWarning: The sql_alchemy_conn option in [core] has been moved to the sql_alchemy_conn option in [database] - the old setting has been used, but please update your config.
  SQL_ALCHEMY_CONN = conf.get("database", "SQL_ALCHEMY_CONN")

[2023-03-21T10:58:39.099+0000] {task_command.py:388} INFO - Running <TaskInstance: project_masterdag.spark_processing manual__2023-03-21T10:53:30.802707+00:00 [running]> on host 796cac132c25
[2023-03-21T10:58:39.332+0000] {taskinstance.py:1511} INFO - Exporting the following env vars:
AIRFLOW_CTX_DAG_OWNER=***
AIRFLOW_CTX_DAG_ID=project_masterdag
AIRFLOW_CTX_TASK_ID=spark_processing
AIRFLOW_CTX_EXECUTION_DATE=2023-03-21T10:53:30.802707+00:00
AIRFLOW_CTX_TRY_NUMBER=2
AIRFLOW_CTX_DAG_RUN_ID=manual__2023-03-21T10:53:30.802707+00:00
[2023-03-21T10:58:39.334+0000] {dataproc.py:1985} INFO - Submitting job
[2023-03-21T10:58:39.336+0000] {base.py:73} INFO - Using connection ID 'google_cloud_default' for task execution.
[2023-03-21T10:58:39.516+0000] {taskinstance.py:1775} ERROR - Task failed with exception
Traceback (most recent call last):
  File "/home/airflow/.local/lib/python3.7/site-packages/proto/marshal/rules/message.py", line 36, in to_proto
    return self._descriptor(**value)
TypeError: ['--input_table', 'dtc-de-course-375420.chicago_crime_all.et_chicago_crimes'] has type list, but expected one of: bytes, unicode

During handling of the above exception, another exception occurred:

Traceback (most recent call last):
  File "/home/airflow/.local/lib/python3.7/site-packages/proto/marshal/rules/message.py", line 36, in to_proto
    return self._descriptor(**value)
TypeError: ['--input_table', 'dtc-de-course-375420.chicago_crime_all.et_chicago_crimes'] has type list, but expected one of: bytes, unicode

During handling of the above exception, another exception occurred:

Traceback (most recent call last):
  File "/home/airflow/.local/lib/python3.7/site-packages/airflow/providers/google/cloud/operators/dataproc.py", line 1994, in execute
    metadata=self.metadata,
  File "/home/airflow/.local/lib/python3.7/site-packages/airflow/providers/google/common/hooks/base_google.py", line 468, in inner_wrapper
    return func(self, *args, **kwargs)
  File "/home/airflow/.local/lib/python3.7/site-packages/airflow/providers/google/cloud/hooks/dataproc.py", line 794, in submit_job
    metadata=metadata,
  File "/home/airflow/.local/lib/python3.7/site-packages/google/cloud/dataproc_v1/services/job_controller/client.py", line 494, in submit_job
    request = jobs.SubmitJobRequest(request)
  File "/home/airflow/.local/lib/python3.7/site-packages/proto/message.py", line 516, in __init__
    pb_value = marshal.to_proto(pb_type, value)
  File "/home/airflow/.local/lib/python3.7/site-packages/proto/marshal/marshal.py", line 211, in to_proto
    pb_value = rule.to_proto(value)
  File "/home/airflow/.local/lib/python3.7/site-packages/proto/marshal/rules/message.py", line 41, in to_proto
    return self._wrapper(value)._pb
  File "/home/airflow/.local/lib/python3.7/site-packages/proto/message.py", line 516, in __init__
    pb_value = marshal.to_proto(pb_type, value)
  File "/home/airflow/.local/lib/python3.7/site-packages/proto/marshal/marshal.py", line 211, in to_proto
    pb_value = rule.to_proto(value)
  File "/home/airflow/.local/lib/python3.7/site-packages/proto/marshal/rules/message.py", line 41, in to_proto
    return self._wrapper(value)._pb
  File "/home/airflow/.local/lib/python3.7/site-packages/proto/message.py", line 521, in __init__
    super().__setattr__("_pb", self._meta.pb(**params))
TypeError: ['--input_table', 'dtc-de-course-375420.chicago_crime_all.et_chicago_crimes'] has type list, but expected one of: bytes, unicode
[2023-03-21T10:58:39.537+0000] {taskinstance.py:1326} INFO - Marking task as FAILED. dag_id=project_masterdag, task_id=spark_processing, execution_date=20230321T105330, start_date=20230321T105838, end_date=20230321T105839
[2023-03-21T10:58:39.571+0000] {standard_task_runner.py:105} ERROR - Failed to execute job 299 for task spark_processing (['--input_table', 'dtc-de-course-375420.chicago_crime_all.et_chicago_crimes'] has type list, but expected one of: bytes, unicode; 31042)
[2023-03-21T10:58:39.606+0000] {local_task_job.py:212} INFO - Task exited with return code 1
[2023-03-21T10:58:39.645+0000] {taskinstance.py:2585} INFO - 0 downstream tasks scheduled from follow-on schedule check
